<?xml version="1.0" encoding="UTF-8"?>
<!-- Generated by org.testng.reporters.JUnitReportReporter -->
<testsuite skipped="0" hostname="ISIPL-PUNV-L078" name="parellel.A" tests="5" failures="0" timestamp="25 Oct 2018 07:50:40 GMT" time="67.570" errors="0">
  <testcase name="methodone" time="15.519" classname="parellel.A"/>
  <testcase name="methodfour" time="15.603" classname="parellel.A"/>
  <testcase name="methodthree" time="15.106" classname="parellel.A"/>
  <testcase name="methodtwo" time="6.914" classname="parellel.A"/>
  <testcase name="methodfive" time="14.428" classname="parellel.A"/>
</testsuite> <!-- parellel.A -->
