<?xml version="1.0" encoding="UTF-8"?>
<!-- Generated by org.testng.reporters.JUnitReportReporter -->
<testsuite skipped="0" hostname="ISIPL-PUNV-L078" name="parellel.B" tests="1" failures="0" timestamp="25 Oct 2018 07:50:40 GMT" time="22.806" errors="0">
  <testcase name="main2" time="22.806" classname="parellel.B"/>
</testsuite> <!-- parellel.B -->
