<?xml version="1.0" encoding="UTF-8"?>
<!-- Generated by org.testng.reporters.JUnitReportReporter -->
<testsuite skipped="0" hostname="ISIPL-PUNV-L078" name="parellel.C" tests="3" failures="0" timestamp="25 Oct 2018 07:50:40 GMT" time="52.823" errors="0">
  <testcase name="method3" time="14.254" classname="parellel.C"/>
  <testcase name="method1" time="7.353" classname="parellel.C"/>
  <testcase name="method2" time="31.216" classname="parellel.C"/>
</testsuite> <!-- parellel.C -->
