<?xml version="1.0" encoding="UTF-8"?>
<!-- Generated by org.testng.reporters.JUnitReportReporter -->
<testsuite skipped="0" hostname="ISIPL-PUNV-L078" name="parellel.A" tests="5" failures="0" timestamp="25 Oct 2018 08:12:20 GMT" time="102.838" errors="0">
  <testcase name="methodthree" time="6.742" classname="parellel.A"/>
  <testcase name="methodtwo" time="13.970" classname="parellel.A"/>
  <testcase name="methodfive" time="20.307" classname="parellel.A"/>
  <testcase name="methodfour" time="27.985" classname="parellel.A"/>
  <testcase name="methodone" time="33.834" classname="parellel.A"/>
</testsuite> <!-- parellel.A -->
