<?xml version="1.0" encoding="UTF-8"?>
<!-- Generated by org.testng.reporters.JUnitReportReporter -->
<testsuite skipped="0" hostname="ISIPL-PUNV-L078" name="parellel.flipkart" tests="1" failures="0" timestamp="24 Oct 2018 04:27:40 GMT" time="15.537" errors="0">
  <testcase name="login" time="15.537" classname="parellel.flipkart"/>
</testsuite> <!-- parellel.flipkart -->
