<?xml version="1.0" encoding="UTF-8"?>
<!-- Generated by org.testng.reporters.JUnitReportReporter -->
<testsuite skipped="0" hostname="ISIPL-PUNV-L078" name="parellel.C" tests="3" failures="0" timestamp="25 Oct 2018 08:11:37 GMT" time="45.859" errors="0">
  <testcase name="method2" time="8.293" classname="parellel.C"/>
  <testcase name="method1" time="15.085" classname="parellel.C"/>
  <testcase name="method3" time="22.481" classname="parellel.C"/>
</testsuite> <!-- parellel.C -->
