<?xml version="1.0" encoding="UTF-8"?>
<!-- Generated by org.testng.reporters.JUnitReportReporter -->
<testsuite skipped="0" hostname="ISIPL-PUNV-L078" name="parellel.B" tests="1" failures="0" timestamp="25 Oct 2018 04:51:04 GMT" time="8.617" errors="0">
  <testcase name="main2" time="8.617" classname="parellel.B"/>
</testsuite> <!-- parellel.B -->
