<?xml version="1.0" encoding="UTF-8"?>
<!-- Generated by org.testng.reporters.JUnitReportReporter -->
<testsuite skipped="0" hostname="ISIPL-PUNV-L078" name="parellel.C" tests="3" failures="0" timestamp="30 Oct 2018 04:04:46 GMT" time="45.367" errors="0">
  <testcase name="method3" time="15.265" classname="parellel.C"/>
  <testcase name="method2" time="22.006" classname="parellel.C"/>
  <testcase name="method1" time="8.096" classname="parellel.C"/>
</testsuite> <!-- parellel.C -->
