<?xml version="1.0" encoding="UTF-8"?>
<!-- Generated by org.testng.reporters.JUnitReportReporter -->
<testsuite skipped="0" hostname="ISIPL-PUNV-L078" name="parellel.A" tests="5" failures="0" timestamp="30 Oct 2018 04:04:07 GMT" time="110.408" errors="0">
  <testcase name="methodone" time="21.575" classname="parellel.A"/>
  <testcase name="methodfour" time="15.325" classname="parellel.A"/>
  <testcase name="methodthree" time="7.486" classname="parellel.A"/>
  <testcase name="methodtwo" time="37.112" classname="parellel.A"/>
  <testcase name="methodfive" time="28.910" classname="parellel.A"/>
</testsuite> <!-- parellel.A -->
